<?xml version="1.0" encoding="UTF-8"?>
<databaseChangeLog
        xmlns="http://www.liquibase.org/xml/ns/dbchangelog"
        xmlns:xsi="http://www.w3.org/2001/XMLSchema-instance"
        xsi:schemaLocation="http://www.liquibase.org/xml/ns/dbchangelog
         http://www.liquibase.org/xml/ns/dbchangelog/dbchangelog-3.8.xsd">

    <changeSet id="data-for-author-table" author="mbojkovski">
        <insert tableName="author">
            <column name="id" value="2999f73c-8adf-4aeb-96ce-f9e39e06ac5b"/>
            <column name="full_name" value="Author1"/>
        </insert>
    </changeSet>
    
    <changeSet id="data-for-book-table" author="mbojkovski">
        <insert tableName="book">
            <column name="isbn" value="178-3-16-148410-0"/>
            <column name="office_name" value="Skopje"/>
            <column name="title" value="Title"/>
            <column name="book_status" value="IN_STOCK"/>
            <column name="description" value="description"/>
            <column name="summary" value="summary"/>
            <column name="total_pages" value="350"/>
            <column name="rating_from_web" value="2"/>
            <column name="rating_from_firm" value="5"/>
            <column name="language" value="ENGLISH"/>
            <column name="image" value="sample_image_url"/>
            <column name="genres" value="{FICTION}"/>
        </insert>

        <insert tableName="book">
            <column name="isbn" value="278-3-16-148410-0"/>
            <column name="office_name" value="Skopje"/>
            <column name="title" value="Title2"/>
            <column name="book_status" value="IN_STOCK"/>
            <column name="description" value="description"/>
            <column name="summary" value="summary"/>
            <column name="total_pages" value="232"/>
            <column name="rating_from_web" value="7"/>
            <column name="rating_from_firm" value="9"/>
            <column name="language" value="ENGLISH"/>
            <column name="image" value="sample_image_url"/>
            <column name="genres" value="{ROMANCE}"/>
        </insert>

        <insert tableName="book">
            <column name="isbn" value="378-3-16-148410-0"/>
            <column name="office_name" value="Skopje"/>
            <column name="title" value="Title3"/>
            <column name="book_status" value="IN_STOCK"/>
            <column name="description" value="description"/>
            <column name="summary" value="summary"/>
            <column name="total_pages" value="560"/>
            <column name="rating_from_web" value="10"/>
            <column name="rating_from_firm" value="10"/>
            <column name="language" value="ENGLISH"/>
            <column name="image" value="sample_image_url"/>
            <column name="genres" value="{HEALTH}"/>
        </insert>

        <insert tableName="book">
            <column name="isbn" value="478-3-16-148410-0"/>
            <column name="office_name" value="Skopje"/>
            <column name="title" value="Title4"/>
            <column name="book_status" value="IN_STOCK"/>
            <column name="description" value="description"/>
            <column name="summary" value="summary"/>
            <column name="total_pages" value="450"/>
            <column name="rating_from_web" value="2"/>
            <column name="rating_from_firm" value="5"/>
            <column name="language" value="{ENGLISH}"/>
            <column name="image" value="sample_image_url"/>
            <column name="genres" value="{BUSINESS,ECONOMICS}"/>
        </insert>

        <insert tableName="book">
            <column name="isbn" value="538-3-13-342310-0"/>
            <column name="office_name" value="Sofia"/>
            <column name="title" value="Title5"/>
            <column name="book_status" value="IN_STOCK"/>
            <column name="description" value="description"/>
            <column name="summary" value="summary"/>
            <column name="total_pages" value="124"/>
            <column name="rating_from_web" value="4"/>
            <column name="rating_from_firm" value="6"/>
            <column name="language" value="ENGLISH"/>
            <column name="image" value="sample_image_url"/>
            <column name="genres" value="{HISTORY,BIOGRAPHY}"/>
        </insert>

        <insert tableName="book">
            <column name="isbn" value="638-3-13-342310-0"/>
            <column name="office_name" value="Sofia"/>
            <column name="title" value="Title5"/>
            <column name="book_status" value="REQUESTED"/>
            <column name="description" value="description"/>
            <column name="summary" value="summary"/>
            <column name="total_pages" value="124"/>
            <column name="rating_from_web" value="4"/>
            <column name="rating_from_firm" value="6"/>
            <column name="language" value="ENGLISH"/>
            <column name="image" value="sample_image_url"/>
            <column name="genres" value="{HISTORY}"/>
        </insert>
    </changeSet>

    <changeSet id="data-for-book-author-table" author="mbojkovski">
        <insert tableName="book_author">
            <column name="book_isbn" value="178-3-16-148410-0"/>
            <column name="office_name" value="Skopje" />
            <column name="author_id" value="2999f73c-8adf-4aeb-96ce-f9e39e06ac5b" />
        </insert>

        <insert tableName="book_author">
            <column name="book_isbn" value="278-3-16-148410-0"/>
            <column name="office_name" value="Skopje" />
            <column name="author_id" value="2999f73c-8adf-4aeb-96ce-f9e39e06ac5b" />
        </insert>

        <insert tableName="book_author">
            <column name="book_isbn" value="378-3-16-148410-0"/>
            <column name="office_name" value="Skopje" />
            <column name="author_id" value="2999f73c-8adf-4aeb-96ce-f9e39e06ac5b" />
        </insert>

        <insert tableName="book_author">
            <column name="book_isbn" value="478-3-16-148410-0"/>
            <column name="office_name" value="Skopje" />
            <column name="author_id" value="2999f73c-8adf-4aeb-96ce-f9e39e06ac5b" />
        </insert>

        <insert tableName="book_author">
            <column name="book_isbn" value="538-3-13-342310-0"/>
            <column name="office_name" value="Sofia" />
            <column name="author_id" value="2999f73c-8adf-4aeb-96ce-f9e39e06ac5b" />
        </insert>

        <insert tableName="book_author">
            <column name="book_isbn" value="638-3-13-342310-0"/>
            <column name="office_name" value="Sofia" />
            <column name="author_id" value="2999f73c-8adf-4aeb-96ce-f9e39e06ac5b" />
        </insert>
    </changeSet>

    <changeSet id="data-for-book-item-table" author="mbojkovski">
        <insert tableName="book_item">
            <column name="id" value="265f63ce-9771-4a27-857d-f10c7791c987" />
            <column name="book_isbn" value="178-3-16-148410-0"/>
            <column name="office_name" value="Skopje" />
            <column name="book_item_state" value="BORROWED"/>
        </insert>

        <insert tableName="book_item">
            <column name="id" value="6786950e-5534-4988-a8b0-e89b013bbf39" />
            <column name="book_isbn" value="178-3-16-148410-0"/>
            <column name="office_name" value="Skopje" />
            <column name="book_item_state" value="AVAILABLE"/>
        </insert>

        <insert tableName="book_item">
            <column name="id" value="2bdd35c4-29c8-49ad-ac0e-9b019b9fdacf" />
            <column name="book_isbn" value="278-3-16-148410-0"/>
            <column name="office_name" value="Skopje" />
            <column name="book_item_state" value="AVAILABLE"/>
        </insert>

        <insert tableName="book_item">
            <column name="id" value="0422f10b-ca45-4cd1-b4c0-7b93093a9361" />
            <column name="book_isbn" value="378-3-16-148410-0"/>
            <column name="office_name" value="Skopje" />
            <column name="book_item_state" value="AVAILABLE"/>
        </insert>

        <insert tableName="book_item">
            <column name="id" value="c07f289e-9a07-4415-851a-9e5f38c54740" />
            <column name="book_isbn" value="478-3-16-148410-0"/>
            <column name="office_name" value="Skopje" />
            <column name="book_item_state" value="AVAILABLE"/>
        </insert>

        <insert tableName="book_item">
            <column name="id" value="81090fbf-b668-46d3-8835-354754bca4f4" />
            <column name="book_isbn" value="538-3-13-342310-0"/>
            <column name="office_name" value="Sofia" />
            <column name="book_item_state" value="AVAILABLE"/>
        </insert>

        <insert tableName="book_item">
            <column name="id" value="972b4463-26c0-4951-a982-93e2a9bd8c9b" />
            <column name="book_isbn" value="538-3-13-342310-0"/>
            <column name="office_name" value="Sofia" />
            <column name="book_item_state" value="BORROWED"/>
        </insert>
    </changeSet>

    <changeSet id="data-for-user-table" author="mbojkovski">
        <insert tableName="user_table">
            <column name="id" value="9146c7c0-0ac8-443f-a86d-de7039c44179" />
            <column name="full_name" value="User1"/>
            <column name="email" value="user@kinandcarta.com" />
            <column name="office_name" value="Skopje" />
            <column name="password" value="password"/>
            <column name="role" value="USER" />
        </insert>

        <insert tableName="user_table">
            <column name="id" value="71a5d033-cfa1-41ca-90d1-0ce7b7287ca6" />
            <column name="full_name" value="User2"/>
            <column name="email" value="user@valtech.com" />
            <column name="office_name" value="Sofia" />
            <column name="password" value="password"/>
            <column name="role" value="ADMIN" />
        </insert>
    </changeSet>

    <changeSet id="data-for-book-checkout-table" author="mbojkovski">
        <insert tableName="book_checkout">
            <column name="id" value="e2f0ac5a-63df-4d49-abba-7e69f03931f9"/>
            <column name="user_id" value="9146c7c0-0ac8-443f-a86d-de7039c44179"/>
            <column name="book_item_id" value="c07f289e-9a07-4415-851a-9e5f38c54740"/>
            <column name="office_name" value="Skopje"/>
            <column name="date_borrowed" value="2024-07-13"/>
            <column name="date_returned" value="2024-07-21"/>
            <column name="scheduled_return_date" value="2024-07-25"/>
        </insert>

        <insert tableName="book_checkout">
            <column name="id" value="0eb035a7-d907-4f6c-98e0-933f0609e340"/>
            <column name="user_id" value="9146c7c0-0ac8-443f-a86d-de7039c44179"/>
            <column name="book_item_id" value="265f63ce-9771-4a27-857d-f10c7791c987"/>
            <column name="office_name" value="Skopje"/>
            <column name="date_borrowed" value="2024-07-22"/>
            <column name="scheduled_return_date" value="2024-08-01"/>
        </insert>

        <insert tableName="book_checkout">
            <column name="id" value="04b480b4-3887-49de-9a29-a142b5d7e7db"/>
            <column name="user_id" value="71a5d033-cfa1-41ca-90d1-0ce7b7287ca6"/>
            <column name="book_item_id" value="972b4463-26c0-4951-a982-93e2a9bd8c9b"/>
            <column name="office_name" value="Sofia"/>
            <column name="date_borrowed" value="2024-07-18"/>
            <column name="date_returned" value="2024-07-19"/>
            <column name="scheduled_return_date" value="2024-07-23"/>
        </insert>
    </changeSet>

    <changeSet id="data-for-requested-book-table" author="mbojkovski">
        <insert tableName="requested_book">
            <column name="id" value="d36696e4-6c2a-4ad0-ae5a-ce199b010f83" />
            <column name="book_isbn" value="638-3-13-342310-0"/>
            <column name="office_name" value="Sofia"/>
            <column name="requested_date" value="2024-08-01"/>
            <column name="like_counter" value="1"/>
        </insert>
    </changeSet>

    <changeSet id="data-for-liked-by-table" author="mbojkovski">
        <insert tableName="liked_by">
            <column name="requested_book_id" value="d36696e4-6c2a-4ad0-ae5a-ce199b010f83"/>
            <column name="user_id" value="71a5d033-cfa1-41ca-90d1-0ce7b7287ca6"/>
        </insert>
    </changeSet>

    <changeSet id="data-for-review-table" author="mbojkovski">
        <insert tableName="review">
            <column name="id" value="bb6df22d-86f0-44c8-9620-b2e375ba2cf4"/>
            <column name="book_isbn" value="378-3-16-148410-0"/>
            <column name="office_name" value="Skopje"/>
            <column name="user_id" value="9146c7c0-0ac8-443f-a86d-de7039c44179"/>
            <column name="date" value="2024-08-01"/>
            <column name="message" value="Message1"/>
            <column name="rating" value="5"/>
        </insert>
    </changeSet>

</databaseChangeLog>